<?xml version="1.0" encoding="UTF-8"?>
<!-- Generated by org.testng.reporters.JUnitReportReporter -->
<testsuite hostname="DESKTOP-MVC5RA3" failures="0" tests="1" name="com.qa.wordpress.tests.ProfilePageTest" time="7.080" errors="0" timestamp="2022-06-28T00:35:11 IST" skipped="0">
  <testcase classname="com.qa.wordpress.tests.ProfilePageTest" name="isUserLoggedOUtTest" time="7.080"/>
  <system-out/>
</testsuite> <!-- com.qa.wordpress.tests.ProfilePageTest -->
