<?xml version="1.0" encoding="UTF-8"?>
<!-- Generated by org.testng.reporters.JUnitReportReporter -->
<testsuite hostname="DESKTOP-MVC5RA3" failures="0" tests="2" name="com.qa.wordpress.tests.AccountPageTest" time="10.991" errors="0" timestamp="2022-06-27T00:46:20 IST" skipped="0">
  <testcase classname="com.qa.wordpress.tests.AccountPageTest" name="accPageTitleTest" time="0.016"/>
  <system-out/>
  <testcase classname="com.qa.wordpress.tests.AccountPageTest" name="accPageHeaderTest" time="10.975"/>
  <system-out/>
</testsuite> <!-- com.qa.wordpress.tests.AccountPageTest -->
